<?xml version="1.0" encoding="UTF-8"?>
<coverage generated="1545323433345" clover="3.2.0">
  <project timestamp="1545323433345" name="All files">
    <metrics statements="29" coveredstatements="27" conditionals="8" coveredconditionals="6" methods="7" coveredmethods="7" elements="44" coveredelements="40" complexity="0" loc="29" ncloc="29" packages="1" files="1" classes="1">
      <file name="reader-fixed.js" path="/home/jonathan/codefellows/401/labs/03-async/lib/reader-fixed.js">
        <metrics statements="29" coveredstatements="27" conditionals="8" coveredconditionals="6" methods="7" coveredmethods="7"/>
        <line num="3" count="1" type="stmt"/>
        <line num="4" count="1" type="stmt"/>
        <line num="5" count="1" type="stmt"/>
        <line num="11" count="1" type="stmt"/>
        <line num="12" count="2" type="stmt"/>
        <line num="13" count="1" type="stmt"/>
        <line num="21" count="1" type="stmt"/>
        <line num="22" count="4" type="stmt"/>
        <line num="23" count="4" type="cond" truecount="2" falsecount="0"/>
        <line num="24" count="3" type="stmt"/>
        <line num="33" count="1" type="stmt"/>
        <line num="35" count="2" type="stmt"/>
        <line num="38" count="2" type="stmt"/>
        <line num="39" count="2" type="cond" truecount="2" falsecount="0"/>
        <line num="40" count="1" type="stmt"/>
        <line num="43" count="1" type="stmt"/>
        <line num="44" count="1" type="stmt"/>
        <line num="46" count="1" type="stmt"/>
        <line num="47" count="1" type="cond" truecount="1" falsecount="1"/>
        <line num="48" count="0" type="stmt"/>
        <line num="51" count="1" type="stmt"/>
        <line num="52" count="1" type="stmt"/>
        <line num="54" count="1" type="stmt"/>
        <line num="55" count="1" type="cond" truecount="1" falsecount="1"/>
        <line num="56" count="0" type="stmt"/>
        <line num="59" count="1" type="stmt"/>
        <line num="60" count="1" type="stmt"/>
        <line num="61" count="1" type="stmt"/>
        <line num="75" count="1" type="stmt"/>
      </file>
    </metrics>
  </project>
</coverage>
