{"/home/jonathan/codefellows/401/labs/03-async/lib/reader-fixed.js": {"path":"/home/jonathan/codefellows/401/labs/03-async/lib/reader-fixed.js","statementMap":{"0":{"start":{"line":3,"column":11},"end":{"line":3,"column":24}},"1":{"start":{"line":4,"column":15},"end":{"line":4,"column":17}},"2":{"start":{"line":5,"column":0},"end":{"line":5,"column":30}},"3":{"start":{"line":11,"column":0},"end":{"line":14,"column":2}},"4":{"start":{"line":12,"column":2},"end":{"line":12,"column":31}},"5":{"start":{"line":13,"column":2},"end":{"line":13,"column":16}},"6":{"start":{"line":21,"column":16},"end":{"line":26,"column":1}},"7":{"start":{"line":22,"column":2},"end":{"line":25,"column":5}},"8":{"start":{"line":23,"column":4},"end":{"line":24,"column":34}},"9":{"start":{"line":23,"column":14},"end":{"line":23,"column":28}},"10":{"start":{"line":24,"column":11},"end":{"line":24,"column":32}},"11":{"start":{"line":33,"column":16},"end":{"line":76,"column":1}},"12":{"start":{"line":35,"column":17},"end":{"line":35,"column":19}},"13":{"start":{"line":38,"column":2},"end":{"line":69,"column":5}},"14":{"start":{"line":39,"column":4},"end":{"line":68,"column":5}},"15":{"start":{"line":40,"column":6},"end":{"line":40,"column":20}},"16":{"start":{"line":43,"column":6},"end":{"line":43,"column":33}},"17":{"start":{"line":44,"column":6},"end":{"line":44,"column":44}},"18":{"start":{"line":46,"column":6},"end":{"line":67,"column":9}},"19":{"start":{"line":47,"column":8},"end":{"line":65,"column":9}},"20":{"start":{"line":48,"column":10},"end":{"line":48,"column":24}},"21":{"start":{"line":51,"column":10},"end":{"line":51,"column":37}},"22":{"start":{"line":52,"column":10},"end":{"line":52,"column":48}},"23":{"start":{"line":54,"column":10},"end":{"line":64,"column":13}},"24":{"start":{"line":55,"column":12},"end":{"line":63,"column":13}},"25":{"start":{"line":56,"column":14},"end":{"line":56,"column":28}},"26":{"start":{"line":59,"column":14},"end":{"line":59,"column":41}},"27":{"start":{"line":60,"column":14},"end":{"line":60,"column":52}},"28":{"start":{"line":61,"column":14},"end":{"line":61,"column":44}},"29":{"start":{"line":75,"column":2},"end":{"line":75,"column":26}}},"fnMap":{"0":{"name":"(anonymous_0)","decl":{"start":{"line":11,"column":27},"end":{"line":11,"column":28}},"loc":{"start":{"line":11,"column":48},"end":{"line":14,"column":1}},"line":11},"1":{"name":"(anonymous_1)","decl":{"start":{"line":21,"column":16},"end":{"line":21,"column":17}},"loc":{"start":{"line":21,"column":36},"end":{"line":26,"column":1}},"line":21},"2":{"name":"(anonymous_2)","decl":{"start":{"line":22,"column":21},"end":{"line":22,"column":22}},"loc":{"start":{"line":22,"column":36},"end":{"line":25,"column":3}},"line":22},"3":{"name":"(anonymous_3)","decl":{"start":{"line":33,"column":16},"end":{"line":33,"column":17}},"loc":{"start":{"line":33,"column":37},"end":{"line":76,"column":1}},"line":33},"4":{"name":"(anonymous_4)","decl":{"start":{"line":38,"column":20},"end":{"line":38,"column":21}},"loc":{"start":{"line":38,"column":35},"end":{"line":69,"column":3}},"line":38},"5":{"name":"(anonymous_5)","decl":{"start":{"line":46,"column":24},"end":{"line":46,"column":25}},"loc":{"start":{"line":46,"column":39},"end":{"line":67,"column":7}},"line":46},"6":{"name":"(anonymous_6)","decl":{"start":{"line":54,"column":28},"end":{"line":54,"column":29}},"loc":{"start":{"line":54,"column":43},"end":{"line":64,"column":11}},"line":54}},"branchMap":{"0":{"loc":{"start":{"line":23,"column":4},"end":{"line":24,"column":34}},"type":"if","locations":[{"start":{"line":23,"column":4},"end":{"line":24,"column":34}},{"start":{"line":23,"column":4},"end":{"line":24,"column":34}}],"line":23},"1":{"loc":{"start":{"line":39,"column":4},"end":{"line":68,"column":5}},"type":"if","locations":[{"start":{"line":39,"column":4},"end":{"line":68,"column":5}},{"start":{"line":39,"column":4},"end":{"line":68,"column":5}}],"line":39},"2":{"loc":{"start":{"line":47,"column":8},"end":{"line":65,"column":9}},"type":"if","locations":[{"start":{"line":47,"column":8},"end":{"line":65,"column":9}},{"start":{"line":47,"column":8},"end":{"line":65,"column":9}}],"line":47},"3":{"loc":{"start":{"line":55,"column":12},"end":{"line":63,"column":13}},"type":"if","locations":[{"start":{"line":55,"column":12},"end":{"line":63,"column":13}},{"start":{"line":55,"column":12},"end":{"line":63,"column":13}}],"line":55}},"s":{"0":1,"1":1,"2":1,"3":1,"4":2,"5":1,"6":1,"7":4,"8":4,"9":1,"10":3,"11":1,"12":2,"13":2,"14":2,"15":1,"16":1,"17":1,"18":1,"19":1,"20":0,"21":1,"22":1,"23":1,"24":1,"25":0,"26":1,"27":1,"28":1,"29":1},"f":{"0":2,"1":4,"2":4,"3":2,"4":2,"5":1,"6":1},"b":{"0":[1,3],"1":[1,1],"2":[0,1],"3":[0,1]},"_coverageSchema":"332fd63041d2c1bcb487cc26dd0d5f7d97098a6c","hash":"d82966394f82e39fbd19ced9cf44ad46cdc51784"}
}
