TN:
SF:/home/jonathan/codefellows/401/labs/03-async/lib/reader-fixed.js
FN:11,(anonymous_0)
FN:21,(anonymous_1)
FN:22,(anonymous_2)
FN:33,(anonymous_3)
FN:38,(anonymous_4)
FN:46,(anonymous_5)
FN:54,(anonymous_6)
FNF:7
FNH:7
FNDA:2,(anonymous_0)
FNDA:4,(anonymous_1)
FNDA:4,(anonymous_2)
FNDA:2,(anonymous_3)
FNDA:2,(anonymous_4)
FNDA:1,(anonymous_5)
FNDA:1,(anonymous_6)
DA:3,1
DA:4,1
DA:5,1
DA:11,1
DA:12,2
DA:13,1
DA:21,1
DA:22,4
DA:23,4
DA:24,3
DA:33,1
DA:35,2
DA:38,2
DA:39,2
DA:40,1
DA:43,1
DA:44,1
DA:46,1
DA:47,1
DA:48,0
DA:51,1
DA:52,1
DA:54,1
DA:55,1
DA:56,0
DA:59,1
DA:60,1
DA:61,1
DA:75,1
LF:29
LH:27
BRDA:23,0,0,1
BRDA:23,0,1,3
BRDA:39,1,0,1
BRDA:39,1,1,1
BRDA:47,2,0,0
BRDA:47,2,1,1
BRDA:55,3,0,0
BRDA:55,3,1,1
BRF:8
BRH:6
end_of_record
